2024-11-10 13:33:22,298 - add((2.0, 3.0)) = 5.0
2024-11-10 13:37:03,181 - add((2.0, 8.0)) = 10.0
2024-11-11 14:55:59,141 - add((2.0, 3.0)) = 5.0
2024-11-11 17:23:12,459 - add((1, 2, 3)) = 6
2024-11-11 17:23:12,459 - add((-1, 1)) = 0
2024-11-11 17:23:12,459 - add((0, 0, 0)) = 0
2024-11-11 17:23:12,460 - add(()) = 0
2024-11-11 17:23:12,460 - delete(10, 5) = 5
2024-11-11 17:23:12,460 - delete(0, 5) = -5
2024-11-11 17:23:12,460 - delete(5, 10) = -5
2024-11-11 17:23:12,460 - divide(10, 2) = 5.0
2024-11-11 17:23:12,460 - Attempted division by zero.
2024-11-11 17:23:12,460 - divide(9, 3) = 3.0
2024-11-11 17:23:12,460 - Attempted division by zero.
2024-11-11 17:23:12,460 - multiply(3, 4) = 12
2024-11-11 17:23:12,460 - multiply(0, 10) = 0
2024-11-11 17:23:12,469 - multiply(-3, 4) = -12
2024-11-11 17:23:12,469 - delete(-5, -3) = -2
2024-11-11 17:23:12,469 - multiply(-3, -2) = 6
2024-11-11 17:23:12,469 - add((1, 2)) = 3
2024-11-11 17:23:12,469 - delete(5, 3) = 2
2024-11-11 17:23:12,469 - multiply(3, 5) = 15
2024-11-11 17:23:12,469 - divide(10, 2) = 5.0
